[03-Jul-2022 10:02:23 UTC] PHP Parse error:  syntax error, unexpected '$handle' (T_VARIABLE), expecting ')' in C:\Users\matte\Local Sites\bootstrap2wordpress\app\public\wp-content\themes\bootstrap2wordpress\functions.php on line 16
[03-Jul-2022 10:04:24 UTC] PHP Parse error:  syntax error, unexpected '$src' (T_VARIABLE), expecting ')' in C:\Users\matte\Local Sites\bootstrap2wordpress\app\public\wp-content\themes\bootstrap2wordpress\functions.php on line 13
[03-Jul-2022 10:06:25 UTC] PHP Parse error:  syntax error, unexpected '$deps' (T_VARIABLE), expecting ')' in C:\Users\matte\Local Sites\bootstrap2wordpress\app\public\wp-content\themes\bootstrap2wordpress\functions.php on line 13
[03-Jul-2022 10:08:26 UTC] PHP Parse error:  syntax error, unexpected '$ver' (T_VARIABLE), expecting ')' in C:\Users\matte\Local Sites\bootstrap2wordpress\app\public\wp-content\themes\bootstrap2wordpress\functions.php on line 13
[03-Jul-2022 10:22:35 UTC] PHP Parse error:  syntax error, unexpected '$handle' (T_VARIABLE), expecting ')' in C:\Users\matte\Local Sites\bootstrap2wordpress\app\public\wp-content\themes\bootstrap2wordpress\functions.php on line 28
[03-Jul-2022 10:24:36 UTC] PHP Parse error:  syntax error, unexpected '}' in C:\Users\matte\Local Sites\bootstrap2wordpress\app\public\wp-content\themes\bootstrap2wordpress\functions.php on line 29
[03-Jul-2022 10:26:37 UTC] PHP Parse error:  syntax error, unexpected '}' in C:\Users\matte\Local Sites\bootstrap2wordpress\app\public\wp-content\themes\bootstrap2wordpress\functions.php on line 29
[03-Jul-2022 10:28:38 UTC] PHP Parse error:  syntax error, unexpected '}' in C:\Users\matte\Local Sites\bootstrap2wordpress\app\public\wp-content\themes\bootstrap2wordpress\functions.php on line 29
[03-Jul-2022 10:30:39 UTC] PHP Parse error:  syntax error, unexpected '}' in C:\Users\matte\Local Sites\bootstrap2wordpress\app\public\wp-content\themes\bootstrap2wordpress\functions.php on line 29
[03-Jul-2022 10:32:40 UTC] PHP Parse error:  syntax error, unexpected '}' in C:\Users\matte\Local Sites\bootstrap2wordpress\app\public\wp-content\themes\bootstrap2wordpress\functions.php on line 29
[03-Jul-2022 10:34:41 UTC] PHP Parse error:  syntax error, unexpected '}' in C:\Users\matte\Local Sites\bootstrap2wordpress\app\public\wp-content\themes\bootstrap2wordpress\functions.php on line 29
[03-Jul-2022 10:36:42 UTC] PHP Parse error:  syntax error, unexpected '}' in C:\Users\matte\Local Sites\bootstrap2wordpress\app\public\wp-content\themes\bootstrap2wordpress\functions.php on line 29
[03-Jul-2022 10:38:43 UTC] PHP Parse error:  syntax error, unexpected '}' in C:\Users\matte\Local Sites\bootstrap2wordpress\app\public\wp-content\themes\bootstrap2wordpress\functions.php on line 29
[03-Jul-2022 10:40:44 UTC] PHP Parse error:  syntax error, unexpected '}' in C:\Users\matte\Local Sites\bootstrap2wordpress\app\public\wp-content\themes\bootstrap2wordpress\functions.php on line 29
[03-Jul-2022 10:42:45 UTC] PHP Parse error:  syntax error, unexpected '}' in C:\Users\matte\Local Sites\bootstrap2wordpress\app\public\wp-content\themes\bootstrap2wordpress\functions.php on line 29
[03-Jul-2022 10:44:46 UTC] PHP Parse error:  syntax error, unexpected '}' in C:\Users\matte\Local Sites\bootstrap2wordpress\app\public\wp-content\themes\bootstrap2wordpress\functions.php on line 29
[03-Jul-2022 10:46:47 UTC] PHP Parse error:  syntax error, unexpected '}' in C:\Users\matte\Local Sites\bootstrap2wordpress\app\public\wp-content\themes\bootstrap2wordpress\functions.php on line 29
[03-Jul-2022 10:48:48 UTC] PHP Parse error:  syntax error, unexpected '}' in C:\Users\matte\Local Sites\bootstrap2wordpress\app\public\wp-content\themes\bootstrap2wordpress\functions.php on line 29
[03-Jul-2022 10:50:49 UTC] PHP Parse error:  syntax error, unexpected '}' in C:\Users\matte\Local Sites\bootstrap2wordpress\app\public\wp-content\themes\bootstrap2wordpress\functions.php on line 29
[03-Jul-2022 10:52:50 UTC] PHP Parse error:  syntax error, unexpected '}' in C:\Users\matte\Local Sites\bootstrap2wordpress\app\public\wp-content\themes\bootstrap2wordpress\functions.php on line 29
[03-Jul-2022 10:54:51 UTC] PHP Parse error:  syntax error, unexpected '}' in C:\Users\matte\Local Sites\bootstrap2wordpress\app\public\wp-content\themes\bootstrap2wordpress\functions.php on line 29
[03-Jul-2022 11:07:56 UTC] PHP Parse error:  syntax error, unexpected '}' in C:\Users\matte\Local Sites\bootstrap2wordpress\app\public\wp-content\themes\bootstrap2wordpress\functions.php on line 29
[04-Jul-2022 06:37:36 UTC] PHP Parse error:  syntax error, unexpected '}' in C:\Users\matte\Local Sites\bootstrap2wordpress\app\public\wp-content\themes\bootstrap2wordpress\functions.php on line 15
[04-Jul-2022 06:37:37 UTC] PHP Parse error:  syntax error, unexpected '}' in C:\Users\matte\Local Sites\bootstrap2wordpress\app\public\wp-content\themes\bootstrap2wordpress\functions.php on line 15
[04-Jul-2022 11:49:53 UTC] PHP Fatal error:  Uncaught Error: Call to undefined function esc_html_() in C:\Users\matte\Local Sites\bootstrap2wordpress\app\public\wp-content\themes\bootstrap2wordpress\functions.php:29
Stack trace:
#0 C:\Users\matte\Local Sites\bootstrap2wordpress\app\public\wp-includes\class-wp-hook.php(307): b2w_theme_setup('')
#1 C:\Users\matte\Local Sites\bootstrap2wordpress\app\public\wp-includes\class-wp-hook.php(331): WP_Hook->apply_filters(NULL, Array)
#2 C:\Users\matte\Local Sites\bootstrap2wordpress\app\public\wp-includes\plugin.php(476): WP_Hook->do_action(Array)
#3 C:\Users\matte\Local Sites\bootstrap2wordpress\app\public\wp-settings.php(576): do_action('after_setup_the...')
#4 C:\Users\matte\Local Sites\bootstrap2wordpress\app\public\wp-config.php(91): require_once('C:\\Users\\matte\\...')
#5 C:\Users\matte\Local Sites\bootstrap2wordpress\app\public\wp-load.php(50): require_once('C:\\Users\\matte\\...')
#6 C:\Users\matte\Local Sites\bootstrap2wordpress\app\public\wp-blog-header.php(13): require_once('C:\\Users\\matte\\...')
#7 in C:\Users\matte\Local Sites\bootstrap2wordpress\app\public\wp-content\themes\bootstrap2wordpress\functions.php on line 29
[04-Jul-2022 11:49:53 UTC] PHP Fatal error:  Uncaught Error: Call to undefined function esc_html_() in C:\Users\matte\Local Sites\bootstrap2wordpress\app\public\wp-content\themes\bootstrap2wordpress\functions.php:29
Stack trace:
#0 C:\Users\matte\Local Sites\bootstrap2wordpress\app\public\wp-includes\class-wp-hook.php(307): b2w_theme_setup('')
#1 C:\Users\matte\Local Sites\bootstrap2wordpress\app\public\wp-includes\class-wp-hook.php(331): WP_Hook->apply_filters(NULL, Array)
#2 C:\Users\matte\Local Sites\bootstrap2wordpress\app\public\wp-includes\plugin.php(476): WP_Hook->do_action(Array)
#3 C:\Users\matte\Local Sites\bootstrap2wordpress\app\public\wp-settings.php(576): do_action('after_setup_the...')
#4 C:\Users\matte\Local Sites\bootstrap2wordpress\app\public\wp-config.php(91): require_once('C:\\Users\\matte\\...')
#5 C:\Users\matte\Local Sites\bootstrap2wordpress\app\public\wp-load.php(50): require_once('C:\\Users\\matte\\...')
#6 C:\Users\matte\Local Sites\bootstrap2wordpress\app\public\wp-blog-header.php(13): require_once('C:\\Users\\matte\\...')
#7 in C:\Users\matte\Local Sites\bootstrap2wordpress\app\public\wp-content\themes\bootstrap2wordpress\functions.php on line 29
[04-Jul-2022 11:50:38 UTC] PHP Fatal error:  Uncaught Error: Call to undefined function esc_html_() in C:\Users\matte\Local Sites\bootstrap2wordpress\app\public\wp-content\themes\bootstrap2wordpress\functions.php:29
Stack trace:
#0 C:\Users\matte\Local Sites\bootstrap2wordpress\app\public\wp-includes\class-wp-hook.php(307): b2w_theme_setup('')
#1 C:\Users\matte\Local Sites\bootstrap2wordpress\app\public\wp-includes\class-wp-hook.php(331): WP_Hook->apply_filters(NULL, Array)
#2 C:\Users\matte\Local Sites\bootstrap2wordpress\app\public\wp-includes\plugin.php(476): WP_Hook->do_action(Array)
#3 C:\Users\matte\Local Sites\bootstrap2wordpress\app\public\wp-settings.php(576): do_action('after_setup_the...')
#4 C:\Users\matte\Local Sites\bootstrap2wordpress\app\public\wp-config.php(91): require_once('C:\\Users\\matte\\...')
#5 C:\Users\matte\Local Sites\bootstrap2wordpress\app\public\wp-load.php(50): require_once('C:\\Users\\matte\\...')
#6 C:\Users\matte\Local Sites\bootstrap2wordpress\app\public\wp-blog-header.php(13): require_once('C:\\Users\\matte\\...')
#7 in C:\Users\matte\Local Sites\bootstrap2wordpress\app\public\wp-content\themes\bootstrap2wordpress\functions.php on line 29
[04-Jul-2022 11:50:38 UTC] PHP Fatal error:  Uncaught Error: Call to undefined function esc_html_() in C:\Users\matte\Local Sites\bootstrap2wordpress\app\public\wp-content\themes\bootstrap2wordpress\functions.php:29
Stack trace:
#0 C:\Users\matte\Local Sites\bootstrap2wordpress\app\public\wp-includes\class-wp-hook.php(307): b2w_theme_setup('')
#1 C:\Users\matte\Local Sites\bootstrap2wordpress\app\public\wp-includes\class-wp-hook.php(331): WP_Hook->apply_filters(NULL, Array)
#2 C:\Users\matte\Local Sites\bootstrap2wordpress\app\public\wp-includes\plugin.php(476): WP_Hook->do_action(Array)
#3 C:\Users\matte\Local Sites\bootstrap2wordpress\app\public\wp-settings.php(576): do_action('after_setup_the...')
#4 C:\Users\matte\Local Sites\bootstrap2wordpress\app\public\wp-config.php(91): require_once('C:\\Users\\matte\\...')
#5 C:\Users\matte\Local Sites\bootstrap2wordpress\app\public\wp-load.php(50): require_once('C:\\Users\\matte\\...')
#6 C:\Users\matte\Local Sites\bootstrap2wordpress\app\public\wp-blog-header.php(13): require_once('C:\\Users\\matte\\...')
#7 in C:\Users\matte\Local Sites\bootstrap2wordpress\app\public\wp-content\themes\bootstrap2wordpress\functions.php on line 29
[04-Jul-2022 11:50:40 UTC] PHP Fatal error:  Uncaught Error: Call to undefined function esc_html_() in C:\Users\matte\Local Sites\bootstrap2wordpress\app\public\wp-content\themes\bootstrap2wordpress\functions.php:29
Stack trace:
#0 C:\Users\matte\Local Sites\bootstrap2wordpress\app\public\wp-includes\class-wp-hook.php(307): b2w_theme_setup('')
#1 C:\Users\matte\Local Sites\bootstrap2wordpress\app\public\wp-includes\class-wp-hook.php(331): WP_Hook->apply_filters(NULL, Array)
#2 C:\Users\matte\Local Sites\bootstrap2wordpress\app\public\wp-includes\plugin.php(476): WP_Hook->do_action(Array)
#3 C:\Users\matte\Local Sites\bootstrap2wordpress\app\public\wp-settings.php(576): do_action('after_setup_the...')
#4 C:\Users\matte\Local Sites\bootstrap2wordpress\app\public\wp-config.php(91): require_once('C:\\Users\\matte\\...')
#5 C:\Users\matte\Local Sites\bootstrap2wordpress\app\public\wp-load.php(50): require_once('C:\\Users\\matte\\...')
#6 C:\Users\matte\Local Sites\bootstrap2wordpress\app\public\wp-blog-header.php(13): require_once('C:\\Users\\matte\\...')
#7 in C:\Users\matte\Local Sites\bootstrap2wordpress\app\public\wp-content\themes\bootstrap2wordpress\functions.php on line 29
[04-Jul-2022 11:50:40 UTC] PHP Fatal error:  Uncaught Error: Call to undefined function esc_html_() in C:\Users\matte\Local Sites\bootstrap2wordpress\app\public\wp-content\themes\bootstrap2wordpress\functions.php:29
Stack trace:
#0 C:\Users\matte\Local Sites\bootstrap2wordpress\app\public\wp-includes\class-wp-hook.php(307): b2w_theme_setup('')
#1 C:\Users\matte\Local Sites\bootstrap2wordpress\app\public\wp-includes\class-wp-hook.php(331): WP_Hook->apply_filters(NULL, Array)
#2 C:\Users\matte\Local Sites\bootstrap2wordpress\app\public\wp-includes\plugin.php(476): WP_Hook->do_action(Array)
#3 C:\Users\matte\Local Sites\bootstrap2wordpress\app\public\wp-settings.php(576): do_action('after_setup_the...')
#4 C:\Users\matte\Local Sites\bootstrap2wordpress\app\public\wp-config.php(91): require_once('C:\\Users\\matte\\...')
#5 C:\Users\matte\Local Sites\bootstrap2wordpress\app\public\wp-load.php(50): require_once('C:\\Users\\matte\\...')
#6 C:\Users\matte\Local Sites\bootstrap2wordpress\app\public\wp-blog-header.php(13): require_once('C:\\Users\\matte\\...')
#7 in C:\Users\matte\Local Sites\bootstrap2wordpress\app\public\wp-content\themes\bootstrap2wordpress\functions.php on line 29
[26-Jul-2022 21:56:08 UTC] PHP Fatal error:  Uncaught Error: Cannot use object of type Closure as array in C:\Users\matte\Local Sites\bootstrap2wordpress\app\public\wp-content\plugins\kirki\packages\kirki-framework\module-selective-refresh\src\Selective_Refresh.php:60
Stack trace:
#0 C:\Users\matte\Local Sites\bootstrap2wordpress\app\public\wp-includes\class-wp-hook.php(307): Kirki\Module\Selective_Refresh->filter_setting_args(Array, Object(WP_Customize_Manager))
#1 C:\Users\matte\Local Sites\bootstrap2wordpress\app\public\wp-includes\plugin.php(191): WP_Hook->apply_filters(Array, Array)
#2 C:\Users\matte\Local Sites\bootstrap2wordpress\app\public\wp-content\plugins\kirki\packages\kirki-framework\field\src\Field.php(213): apply_filters('kirki_field_add...', Array, Object(WP_Customize_Manager))
#3 C:\Users\matte\Local Sites\bootstrap2wordpress\app\public\wp-includes\class-wp-hook.php(307): Kirki\Field->add_setting(Object(WP_Customize_Manager))
#4 C:\Users\matte\Local Sites\bootstrap2wordpress\app\public\wp-includes\class-wp-hook.php(331): WP_Hook->apply_ in C:\Users\matte\Local Sites\bootstrap2wordpress\app\public\wp-content\plugins\kirki\packages\kirki-framework\module-selective-refresh\src\Selective_Refresh.php on line 60
[26-Jul-2022 21:56:11 UTC] PHP Fatal error:  Uncaught Error: Cannot use object of type Closure as array in C:\Users\matte\Local Sites\bootstrap2wordpress\app\public\wp-content\plugins\kirki\packages\kirki-framework\module-selective-refresh\src\Selective_Refresh.php:60
Stack trace:
#0 C:\Users\matte\Local Sites\bootstrap2wordpress\app\public\wp-includes\class-wp-hook.php(307): Kirki\Module\Selective_Refresh->filter_setting_args(Array, Object(WP_Customize_Manager))
#1 C:\Users\matte\Local Sites\bootstrap2wordpress\app\public\wp-includes\plugin.php(191): WP_Hook->apply_filters(Array, Array)
#2 C:\Users\matte\Local Sites\bootstrap2wordpress\app\public\wp-content\plugins\kirki\packages\kirki-framework\field\src\Field.php(213): apply_filters('kirki_field_add...', Array, Object(WP_Customize_Manager))
#3 C:\Users\matte\Local Sites\bootstrap2wordpress\app\public\wp-includes\class-wp-hook.php(307): Kirki\Field->add_setting(Object(WP_Customize_Manager))
#4 C:\Users\matte\Local Sites\bootstrap2wordpress\app\public\wp-includes\class-wp-hook.php(331): WP_Hook->apply_ in C:\Users\matte\Local Sites\bootstrap2wordpress\app\public\wp-content\plugins\kirki\packages\kirki-framework\module-selective-refresh\src\Selective_Refresh.php on line 60
[26-Jul-2022 21:57:53 UTC] PHP Fatal error:  Uncaught Error: Cannot use object of type Closure as array in C:\Users\matte\Local Sites\bootstrap2wordpress\app\public\wp-content\plugins\kirki\packages\kirki-framework\module-selective-refresh\src\Selective_Refresh.php:60
Stack trace:
#0 C:\Users\matte\Local Sites\bootstrap2wordpress\app\public\wp-includes\class-wp-hook.php(307): Kirki\Module\Selective_Refresh->filter_setting_args(Array, Object(WP_Customize_Manager))
#1 C:\Users\matte\Local Sites\bootstrap2wordpress\app\public\wp-includes\plugin.php(191): WP_Hook->apply_filters(Array, Array)
#2 C:\Users\matte\Local Sites\bootstrap2wordpress\app\public\wp-content\plugins\kirki\packages\kirki-framework\field\src\Field.php(213): apply_filters('kirki_field_add...', Array, Object(WP_Customize_Manager))
#3 C:\Users\matte\Local Sites\bootstrap2wordpress\app\public\wp-includes\class-wp-hook.php(307): Kirki\Field->add_setting(Object(WP_Customize_Manager))
#4 C:\Users\matte\Local Sites\bootstrap2wordpress\app\public\wp-includes\class-wp-hook.php(331): WP_Hook->apply_ in C:\Users\matte\Local Sites\bootstrap2wordpress\app\public\wp-content\plugins\kirki\packages\kirki-framework\module-selective-refresh\src\Selective_Refresh.php on line 60
[26-Jul-2022 21:58:01 UTC] PHP Fatal error:  Uncaught Error: Cannot use object of type Closure as array in C:\Users\matte\Local Sites\bootstrap2wordpress\app\public\wp-content\plugins\kirki\packages\kirki-framework\module-selective-refresh\src\Selective_Refresh.php:60
Stack trace:
#0 C:\Users\matte\Local Sites\bootstrap2wordpress\app\public\wp-includes\class-wp-hook.php(307): Kirki\Module\Selective_Refresh->filter_setting_args(Array, Object(WP_Customize_Manager))
#1 C:\Users\matte\Local Sites\bootstrap2wordpress\app\public\wp-includes\plugin.php(191): WP_Hook->apply_filters(Array, Array)
#2 C:\Users\matte\Local Sites\bootstrap2wordpress\app\public\wp-content\plugins\kirki\packages\kirki-framework\field\src\Field.php(213): apply_filters('kirki_field_add...', Array, Object(WP_Customize_Manager))
#3 C:\Users\matte\Local Sites\bootstrap2wordpress\app\public\wp-includes\class-wp-hook.php(307): Kirki\Field->add_setting(Object(WP_Customize_Manager))
#4 C:\Users\matte\Local Sites\bootstrap2wordpress\app\public\wp-includes\class-wp-hook.php(331): WP_Hook->apply_ in C:\Users\matte\Local Sites\bootstrap2wordpress\app\public\wp-content\plugins\kirki\packages\kirki-framework\module-selective-refresh\src\Selective_Refresh.php on line 60
